WARNING | 2023-04-19 08:55:39,107 | cle.loader | The main binary is a position-independent executable. It is being loaded with a base address of 0x400000.
DEBUG   | 2023-04-19 08:55:39,115 | arbiter.master_chief.sa_recon | Creating CFG
Identifying functions:   0%|          | 0/80 [00:00<?, ?it/s]INFO    | 2023-04-19 08:55:39,369 | arbiter.master_chief.sa_recon | Starting recon of 0x401000
INFO    | 2023-04-19 08:55:39,369 | arbiter.master_chief.sa_recon | Starting recon of 0x401020
INFO    | 2023-04-19 08:55:39,369 | arbiter.master_chief.sa_recon | Starting recon of 0x40102d
INFO    | 2023-04-19 08:55:39,369 | arbiter.master_chief.sa_recon | Starting recon of 0x401030
INFO    | 2023-04-19 08:55:39,369 | arbiter.master_chief.sa_recon | Starting recon of 0x40103f
INFO    | 2023-04-19 08:55:39,369 | arbiter.master_chief.sa_recon | Starting recon of 0x401040
INFO    | 2023-04-19 08:55:39,369 | arbiter.master_chief.sa_recon | Starting recon of 0x40104f
INFO    | 2023-04-19 08:55:39,369 | arbiter.master_chief.sa_recon | Starting recon of 0x401050
INFO    | 2023-04-19 08:55:39,369 | arbiter.master_chief.sa_recon | Starting recon of 0x40105f
INFO    | 2023-04-19 08:55:39,370 | arbiter.master_chief.sa_recon | Starting recon of 0x401060
INFO    | 2023-04-19 08:55:39,370 | arbiter.master_chief.sa_recon | Starting recon of 0x40106f
INFO    | 2023-04-19 08:55:39,370 | arbiter.master_chief.sa_recon | Starting recon of 0x401070
INFO    | 2023-04-19 08:55:39,370 | arbiter.master_chief.sa_recon | Starting recon of 0x40107f
INFO    | 2023-04-19 08:55:39,370 | arbiter.master_chief.sa_recon | Starting recon of 0x401080
INFO    | 2023-04-19 08:55:39,370 | arbiter.master_chief.sa_recon | Starting recon of 0x40108f
INFO    | 2023-04-19 08:55:39,370 | arbiter.master_chief.sa_recon | Starting recon of 0x401090
INFO    | 2023-04-19 08:55:39,370 | arbiter.master_chief.sa_recon | Starting recon of 0x40109f
INFO    | 2023-04-19 08:55:39,370 | arbiter.master_chief.sa_recon | Starting recon of 0x4010a0
INFO    | 2023-04-19 08:55:39,370 | arbiter.master_chief.sa_recon | Starting recon of 0x4010af
INFO    | 2023-04-19 08:55:39,370 | arbiter.master_chief.sa_recon | Starting recon of 0x4010b0
INFO    | 2023-04-19 08:55:39,370 | arbiter.master_chief.sa_recon | Starting recon of 0x4010bf
INFO    | 2023-04-19 08:55:39,370 | arbiter.master_chief.sa_recon | Starting recon of 0x4010c0
INFO    | 2023-04-19 08:55:39,370 | arbiter.master_chief.sa_recon | Starting recon of 0x4010cf
INFO    | 2023-04-19 08:55:39,370 | arbiter.master_chief.sa_recon | Starting recon of 0x4010d0
INFO    | 2023-04-19 08:55:39,371 | arbiter.master_chief.sa_recon | Starting recon of 0x4010df
INFO    | 2023-04-19 08:55:39,371 | arbiter.master_chief.sa_recon | Starting recon of 0x4010e0
INFO    | 2023-04-19 08:55:39,371 | arbiter.master_chief.sa_recon | Starting recon of 0x4010ef
INFO    | 2023-04-19 08:55:39,371 | arbiter.master_chief.sa_recon | Starting recon of 0x4010f0
INFO    | 2023-04-19 08:55:39,371 | arbiter.master_chief.sa_recon | Starting recon of 0x4010ff
INFO    | 2023-04-19 08:55:39,371 | arbiter.master_chief.sa_recon | Starting recon of 0x401100
INFO    | 2023-04-19 08:55:39,371 | arbiter.master_chief.sa_recon | Starting recon of 0x40110f
INFO    | 2023-04-19 08:55:39,371 | arbiter.master_chief.sa_recon | Starting recon of 0x401110
INFO    | 2023-04-19 08:55:39,371 | arbiter.master_chief.sa_recon | Starting recon of 0x401120
INFO    | 2023-04-19 08:55:39,371 | arbiter.master_chief.sa_recon | Starting recon of 0x401130
INFO    | 2023-04-19 08:55:39,371 | arbiter.master_chief.sa_recon | Starting recon of 0x401140
INFO    | 2023-04-19 08:55:39,371 | arbiter.master_chief.sa_recon | Starting recon of 0x401150
INFO    | 2023-04-19 08:55:39,371 | arbiter.master_chief.sa_recon | Starting recon of 0x401160
INFO    | 2023-04-19 08:55:39,371 | arbiter.master_chief.sa_recon | Starting recon of 0x401170
INFO    | 2023-04-19 08:55:39,372 | arbiter.master_chief.sa_recon | Starting recon of 0x401180
INFO    | 2023-04-19 08:55:39,372 | arbiter.master_chief.sa_recon | Starting recon of 0x401190
INFO    | 2023-04-19 08:55:39,372 | arbiter.master_chief.sa_recon | Starting recon of 0x4011a0
INFO    | 2023-04-19 08:55:39,372 | arbiter.master_chief.sa_recon | Starting recon of 0x4011b0
INFO    | 2023-04-19 08:55:39,372 | arbiter.master_chief.sa_recon | Starting recon of 0x4011c0
INFO    | 2023-04-19 08:55:39,372 | arbiter.master_chief.sa_recon | Starting recon of 0x4011d0
INFO    | 2023-04-19 08:55:39,372 | arbiter.master_chief.sa_recon | Starting recon of 0x4011e0
INFO    | 2023-04-19 08:55:39,372 | arbiter.master_chief.sa_recon | Starting recon of 0x4011f0
INFO    | 2023-04-19 08:55:39,372 | arbiter.master_chief.sa_recon | Starting recon of 0x401200
INFO    | 2023-04-19 08:55:39,372 | arbiter.master_chief.sa_recon | Starting recon of 0x40122e
INFO    | 2023-04-19 08:55:39,372 | arbiter.master_chief.sa_recon | Starting recon of 0x40122f
INFO    | 2023-04-19 08:55:39,373 | arbiter.master_chief.sa_recon | Starting recon of 0x401230
INFO    | 2023-04-19 08:55:39,373 | arbiter.master_chief.sa_recon | Starting recon of 0x401259
INFO    | 2023-04-19 08:55:39,373 | arbiter.master_chief.sa_recon | Starting recon of 0x401260
INFO    | 2023-04-19 08:55:39,373 | arbiter.master_chief.sa_recon | Starting recon of 0x401299
INFO    | 2023-04-19 08:55:39,373 | arbiter.master_chief.sa_recon | Starting recon of 0x4012a0
INFO    | 2023-04-19 08:55:39,373 | arbiter.master_chief.sa_recon | Starting recon of 0x4012d5
INFO    | 2023-04-19 08:55:39,373 | arbiter.master_chief.sa_recon | Starting recon of 0x4012d9
INFO    | 2023-04-19 08:55:39,373 | arbiter.master_chief.sa_recon | Starting recon of 0x4012e0
INFO    | 2023-04-19 08:55:39,373 | arbiter.master_chief.sa_recon | Starting recon of 0x4012e9
DEBUG   | 2023-04-19 08:55:39,373 | arbiter.master_chief.sa_recon | Adding target function main:0x4012e9
INFO    | 2023-04-19 08:55:39,373 | arbiter.master_chief.sa_recon | Starting recon of 0x401543
INFO    | 2023-04-19 08:55:39,373 | arbiter.master_chief.sa_recon | Starting recon of 0x401550
INFO    | 2023-04-19 08:55:39,374 | arbiter.master_chief.sa_recon | Starting recon of 0x4015b5
INFO    | 2023-04-19 08:55:39,374 | arbiter.master_chief.sa_recon | Starting recon of 0x4015c0
INFO    | 2023-04-19 08:55:39,374 | arbiter.master_chief.sa_recon | Starting recon of 0x4015c8
INFO    | 2023-04-19 08:55:39,374 | arbiter.master_chief.sa_recon | Starting recon of 0x500000
INFO    | 2023-04-19 08:55:39,374 | arbiter.master_chief.sa_recon | Starting recon of 0x500008
INFO    | 2023-04-19 08:55:39,374 | arbiter.master_chief.sa_recon | Starting recon of 0x500010
INFO    | 2023-04-19 08:55:39,374 | arbiter.master_chief.sa_recon | Starting recon of 0x500018
INFO    | 2023-04-19 08:55:39,374 | arbiter.master_chief.sa_recon | Starting recon of 0x500020
INFO    | 2023-04-19 08:55:39,374 | arbiter.master_chief.sa_recon | Starting recon of 0x500028
INFO    | 2023-04-19 08:55:39,374 | arbiter.master_chief.sa_recon | Starting recon of 0x500030
INFO    | 2023-04-19 08:55:39,374 | arbiter.master_chief.sa_recon | Starting recon of 0x500038
INFO    | 2023-04-19 08:55:39,374 | arbiter.master_chief.sa_recon | Starting recon of 0x500040
INFO    | 2023-04-19 08:55:39,374 | arbiter.master_chief.sa_recon | Starting recon of 0x500048
INFO    | 2023-04-19 08:55:39,374 | arbiter.master_chief.sa_recon | Starting recon of 0x500050
INFO    | 2023-04-19 08:55:39,374 | arbiter.master_chief.sa_recon | Starting recon of 0x500058
INFO    | 2023-04-19 08:55:39,374 | arbiter.master_chief.sa_recon | Starting recon of 0x500060
INFO    | 2023-04-19 08:55:39,374 | arbiter.master_chief.sa_recon | Starting recon of 0x500068
INFO    | 2023-04-19 08:55:39,374 | arbiter.master_chief.sa_recon | Starting recon of 0x500070
INFO    | 2023-04-19 08:55:39,374 | arbiter.master_chief.sa_recon | Starting recon of 0x601050
INFO    | 2023-04-19 08:55:39,375 | arbiter.master_chief.sa_recon | Starting recon of 0x601058
Identifying functions: 100%|â–ˆâ–ˆâ–ˆâ–ˆâ–ˆâ–ˆâ–ˆâ–ˆâ–ˆâ–ˆ| 80/80 [00:00<00:00, 13150.86it/s]
Analyzing targets:   0%|          | 0/1 [00:00<?, ?it/s]DEBUG   | 2023-04-19 08:55:39,375 | arbiter.master_chief.sa_advanced | Analysis of function @ 0x4012e9
DEBUG   | 2023-04-19 08:55:39,375 | arbiter.master_chief.sa_advanced | Creating CFGEmulated for function @ 0x4012e9
DEBUG   | 2023-04-19 08:55:39,712 | arbiter.master_chief.sa_advanced | Creating DDG for function @ 0x4012e9 (call_depth=1)
DEBUG   | 2023-04-19 08:55:39,819 | arbiter.master_chief.sa_advanced | Creating CDG for function @ 0x4012e9
DEBUG   | 2023-04-19 08:55:39,824 | arbiter.master_chief.sa_advanced | Starting back tracking for 0x40150e
DEBUG   | 2023-04-19 08:55:39,846 | arbiter.master_chief.sa_advanced | Starting back tracking for 0x40151b
INFO    | 2023-04-19 08:55:39,865 | arbiter.master_chief.sa_advanced | 2 sinks in function @ 0x4012e9
Analyzing targets: 100%|â–ˆâ–ˆâ–ˆâ–ˆâ–ˆâ–ˆâ–ˆâ–ˆâ–ˆâ–ˆ| 1/1 [00:00<00:00,  2.04it/s]Analyzing targets: 100%|â–ˆâ–ˆâ–ˆâ–ˆâ–ˆâ–ˆâ–ˆâ–ˆâ–ˆâ–ˆ| 1/1 [00:00<00:00,  2.04it/s]
Exploring targets:   0%|          | 0/1 [00:00<?, ?it/s]
Exploring nodes in target:   0%|          | 0/2 [00:00<?, ?it/s][ADEBUG   | 2023-04-19 08:55:39,869 | arbiter.master_chief.symbolic_execution | Creating checkpoint states for main
DEBUG   | 2023-04-19 08:55:39,870 | arbiter.master_chief.symbolic_execution | Adding checkpoint address accept:0x401481
DEBUG   | 2023-04-19 08:55:39,875 | arbiter.master_chief.symbolic_execution | Hooked checkpoint accept
DEBUG   | 2023-04-19 08:55:39,876 | arbiter.master_chief.symbolic_execution | Adding checkpoint address socket:0x401377
DEBUG   | 2023-04-19 08:55:39,880 | arbiter.master_chief.symbolic_execution | Hooked checkpoint socket
DEBUG   | 2023-04-19 08:55:39,880 | arbiter.master_chief.symbolic_execution | Created 2 states
INFO    | 2023-04-19 08:55:39,881 | arbiter.master_chief.symbolic_execution | Starting exploration 0x401481 => 0x40150e
DEBUG   | 2023-04-19 08:55:39,881 | arbiter.master_chief.symbolic_execution | Watchdog started, waiting for 300s
DEBUG   | 2023-04-19 08:55:41,860 | arbiter.master_chief.symbolic_execution | Found 1 paths; No active paths
INFO    | 2023-04-19 08:55:41,864 | arbiter.master_chief.symbolic_execution | Applying constraints for sink : close
DEBUG   | 2023-04-19 08:55:41,866 | arbiter.master_chief.symbolic_execution | Max used bit : 32
INFO    | 2023-04-19 08:55:41,903 | arbiter.master_chief.symbolic_execution | Satisfied state : 0x3
DEBUG   | 2023-04-19 08:55:41,904 | arbiter.master_chief.symbolic_execution | Waiting for watchdog to join
INFO    | 2023-04-19 08:55:41,904 | arbiter.master_chief.symbolic_execution | Starting exploration 0x401377 => 0x40150e
DEBUG   | 2023-04-19 08:55:41,904 | arbiter.master_chief.symbolic_execution | Watchdog started, waiting for 300s
DEBUG   | 2023-04-19 08:55:43,684 | arbiter.master_chief.symbolic_execution | Found 1 paths; No active paths
INFO    | 2023-04-19 08:55:43,687 | arbiter.master_chief.symbolic_execution | Applying constraints for sink : close
DEBUG   | 2023-04-19 08:55:43,690 | arbiter.master_chief.symbolic_execution | Max used bit : 32
INFO    | 2023-04-19 08:55:43,718 | arbiter.master_chief.symbolic_execution | Got Unsat
DEBUG   | 2023-04-19 08:55:43,719 | arbiter.master_chief.symbolic_execution | Found 1 paths
INFO    | 2023-04-19 08:55:43,721 | arbiter.master_chief.symbolic_execution | Applying constraints for sink : close
DEBUG   | 2023-04-19 08:55:43,723 | arbiter.master_chief.symbolic_execution | Max used bit : 32

                                                                [AExploring targets:   0%|          | 0/1 [00:03<?, ?it/s]
Traceback (most recent call last):
  File "/home/itenpn/.local/lib/python3.8/site-packages/angr/state_plugins/solver.py", line 89, in wrapped_f
    return f(*args, **kwargs)
  File "/home/itenpn/.local/lib/python3.8/site-packages/angr/state_plugins/solver.py", line 514, in _eval
    return self._solver.eval(e, n, extra_constraints=self._adjust_constraint_list(extra_constraints), exact=exact)
  File "/home/itenpn/.local/lib/python3.8/site-packages/claripy/frontend_mixins/concrete_handler_mixin.py", line 7, in eval
    return super(ConcreteHandlerMixin, self).eval(e, n, **kwargs)
  File "/home/itenpn/.local/lib/python3.8/site-packages/claripy/frontend_mixins/constraint_filter_mixin.py", line 40, in eval
    return super(ConstraintFilterMixin, self).eval(e, n, extra_constraints=ec, **kwargs)
  File "/home/itenpn/.local/lib/python3.8/site-packages/claripy/frontend_mixins/sat_cache_mixin.py", line 52, in eval
    if self._cached_satness is False: raise UnsatError("cached unsat")
claripy.errors.UnsatError: cached unsat

The above exception was the direct cause of the following exception:

Traceback (most recent call last):
  File "vuln_templates/run_arbiter.py", line 125, in <module>
    main(template, target)
  File "vuln_templates/run_arbiter.py", line 58, in main
    se.run_all()
  File "/usr/local/lib/python3.8/dist-packages/arbiter-0.0.1-py3.8.egg/arbiter/master_chief/symbolic_execution.py", line 489, in run_all
  File "/usr/local/lib/python3.8/dist-packages/arbiter-0.0.1-py3.8.egg/arbiter/master_chief/symbolic_execution.py", line 479, in run_one
  File "/usr/local/lib/python3.8/dist-packages/arbiter-0.0.1-py3.8.egg/arbiter/master_chief/symbolic_execution.py", line 470, in _execute_one
  File "/usr/local/lib/python3.8/dist-packages/arbiter-0.0.1-py3.8.egg/arbiter/master_chief/symbolic_execution.py", line 353, in _explore_one
  File "/usr/local/lib/python3.8/dist-packages/arbiter-0.0.1-py3.8.egg/arbiter/master_chief/symbolic_execution.py", line 272, in _check_state
  File "/usr/local/lib/python3.8/dist-packages/arbiter-0.0.1-py3.8.egg/arbiter/master_chief/symbolic_execution.py", line 188, in _apply_sz_constraints
  File "/home/itenpn/SECURITY/arbiter/vuln_templates/CWE1341_2.py", line 11, in apply_constraint
    socket_id = s.solver.eval(expr, cast_to=int)
  File "/home/itenpn/.local/lib/python3.8/site-packages/angr/state_plugins/solver.py", line 761, in eval
    return self.eval_upto(e, 1, cast_to = cast_to,  **kwargs)[0]
  File "/home/itenpn/.local/lib/python3.8/site-packages/angr/state_plugins/solver.py", line 732, in eval_upto
    cast_vals = [self._cast_to(e, v, cast_to) for v in self._eval(e, n, **kwargs)]
  File "/home/itenpn/.local/lib/python3.8/site-packages/angr/state_plugins/solver.py", line 156, in concrete_shortcut_tuple
    return f(self, *args, **kwargs)
  File "/home/itenpn/.local/lib/python3.8/site-packages/angr/state_plugins/sim_action_object.py", line 57, in ast_stripper
    return f(*new_args, **new_kwargs)
  File "/home/itenpn/.local/lib/python3.8/site-packages/angr/state_plugins/solver.py", line 91, in wrapped_f
    raise SimUnsatError("Got an unsat result") from e
angr.errors.SimUnsatError: Got an unsat result
